<?xml version="1.0" encoding="UTF-8"?>
<robot generator="Robot 7.0 (Python 3.12.2 on darwin)" generated="2024-03-28T17:10:08.173102" rpa="false" schemaversion="5">
<suite id="s1" name="Sck-shoppingcart" source="/Users/wlb-kop/Desktop/SCK-Shopping-Cart-Robot/bachelor'sDegree/Sck-shoppingcart.robot">
<kw name="Open Browser" owner="SeleniumLibrary" type="SETUP">
<msg time="2024-03-28T17:10:08.292644" level="INFO">Opening browser 'chrome' to base url 'https://www.youtube.com'.</msg>
<arg>${url}</arg>
<arg>chrome</arg>
<doc>Opens a new browser instance to the optional ``url``.</doc>
<status status="PASS" start="2024-03-28T17:10:08.292444" elapsed="3.778572"/>
</kw>
<test id="s1-t1" line="7">
<status status="FAIL" start="2024-03-28T17:10:12.074223" elapsed="0.004948">Test name cannot be empty.</status>
</test>
<status status="FAIL" start="2024-03-28T17:10:08.174276" elapsed="3.905910"/>
</suite>
<statistics>
<total>
<stat pass="0" fail="1" skip="0">All Tests</stat>
</total>
<tag>
</tag>
<suite>
<stat pass="0" fail="1" skip="0" id="s1" name="Sck-shoppingcart">Sck-shoppingcart</stat>
</suite>
</statistics>
<errors>
<msg time="2024-03-28T17:10:08.171176" level="WARN">Error in file '/Users/wlb-kop/Desktop/SCK-Shopping-Cart-Robot/bachelor'sDegree/Sck-shoppingcart.robot' on line 6: Singular section headers like '*** Test Case ***' are deprecated. Use plural format like '*** Test Cases ***' instead.</msg>
</errors>
</robot>
